<?xml version="1.0" encoding="UTF-8"?>
<testsuite xmlns:xsi="http://www.w3.org/2001/XMLSchema-instance" xsi:noNamespaceSchemaLocation="https://maven.apache.org/surefire/maven-surefire-plugin/xsd/surefire-test-report.xsd" name="TestSuite" time="76.195" tests="4" errors="0" skipped="1" failures="1">
  <properties>
[...]
</properties>
  <testcase name="flightSearchTest" classname="com.cheaptickets.testcases.FlightSearchTest" time="20.156">
    <failure message="Element &lt;select id=&quot;flight-age-select-1-hp-flight&quot; class=&quot;gcw-storeable gcw-toggles-field-by-value gcw-child-age-select&quot; type=&quot;select&quot;&gt; is not reachable by keyboard&#10;Build info: version: &apos;3.141.59&apos;, revision: &apos;e82be7d358&apos;, time: &apos;2018-11-14T08:17:03&apos;&#10;System info: host: &apos;DESKTOP-L49GJNQ&apos;, ip: &apos;192.168.1.4&apos;, os.name: &apos;Windows 10&apos;, os.arch: &apos;amd64&apos;, os.version: &apos;10.0&apos;, java.version: &apos;1.8.0_251&apos;&#10;Driver info: org.openqa.selenium.firefox.FirefoxDriver&#10;Capabilities {acceptInsecureCerts: true, browserName: firefox, browserVersion: 85.0, javascriptEnabled: true, moz:accessibilityChecks: false, moz:buildID: 20210118153634, moz:geckodriverVersion: 0.29.0, moz:headless: false, moz:processID: 25672, moz:profile: C:\Users\posta\AppData\Loca..., moz:shutdownTimeout: 60000, moz:useNonSpecCompliantPointerOrigin: false, moz:webdriverClick: true, pageLoadStrategy: normal, platform: WINDOWS, platformName: WINDOWS, platformVersion: 10.0, rotatable: false, setWindowRect: true, strictFileInteractability: false, timeouts: {implicit: 0, pageLoad: 300000, script: 30000}, unhandledPromptBehavior: dismiss and notify}&#10;Session ID: 5cc04af8-0851-4171-8727-f83678c6f1a7" type="org.openqa.selenium.ElementNotInteractableException"><![CDATA[org.openqa.selenium.ElementNotInteractableException: 
Element <select id="flight-age-select-1-hp-flight" class="gcw-storeable gcw-toggles-field-by-value gcw-child-age-select" type="select"> is not reachable by keyboard
Build info: version: '3.141.59', revision: 'e82be7d358', time: '2018-11-14T08:17:03'
System info: host: 'DESKTOP-L49GJNQ', ip: '192.168.1.4', os.name: 'Windows 10', os.arch: 'amd64', os.version: '10.0', java.version: '1.8.0_251'
Driver info: org.openqa.selenium.firefox.FirefoxDriver
Capabilities {acceptInsecureCerts: true, browserName: firefox, browserVersion: 85.0, javascriptEnabled: true, moz:accessibilityChecks: false, moz:buildID: 20210118153634, moz:geckodriverVersion: 0.29.0, moz:headless: false, moz:processID: 25672, moz:profile: C:\Users\posta\AppData\Loca..., moz:shutdownTimeout: 60000, moz:useNonSpecCompliantPointerOrigin: false, moz:webdriverClick: true, pageLoadStrategy: normal, platform: WINDOWS, platformName: WINDOWS, platformVersion: 10.0, rotatable: false, setWindowRect: true, strictFileInteractability: false, timeouts: {implicit: 0, pageLoad: 300000, script: 30000}, unhandledPromptBehavior: dismiss and notify}
Session ID: 5cc04af8-0851-4171-8727-f83678c6f1a7
	at com.cheaptickets.testcases.FlightSearchTest.flightSearchTest(FlightSearchTest.java:24)
]]></failure>
    <system-out><![CDATA[[TestNGContentHandler] [WARN] It is strongly recommended to add "<!DOCTYPE suite SYSTEM "http://testng.org/testng-1.0.dtd" >" at the top of your file, otherwise TestNG may fail or not work as expected.
]]></system-out>
    <system-err><![CDATA[SLF4J: Failed to load class "org.slf4j.impl.StaticLoggerBinder".
SLF4J: Defaulting to no-operation (NOP) logger implementation
SLF4J: See http://www.slf4j.org/codes.html#StaticLoggerBinder for further details.
1612544706884	geckodriver	INFO	Listening on 127.0.0.1:43252
1612544707274	mozrunner::runner	INFO	Running command: "C:\\Program Files\\Mozilla Firefox\\firefox.exe" "--marionette" "-foreground" "-no-remote" "-profile" "C:\\Users\\posta\\AppData\\Local\\Temp\\rust_mozprofilepYyCgP"
console.warn: SearchSettings: "get: No settings file exists, new profile?" (new Error("", "(unknown module)"))
1612544710865	Marionette	INFO	Listening on port 33711
1612544710963	Marionette	WARN	TLS certificate errors will be ignored for this session
1612544710981	Marionette	ERROR	[15] No reply from Marionette:Register
Feb 05, 2021 11:05:11 AM org.openqa.selenium.remote.ProtocolHandshake createSession
INFO: Detected dialect: W3C
JavaScript error: https://vap.expedia.com/vac/2.6.16/vacLogger.js, line 1: SyntaxError: expected expression, got '<'
JavaScript error: https://b.travel-assets.com/datacapture/2/js/analytics-core-bundle-min.js, line 24: Error: 4101 (Metadata missing for Experiment '30098')
JavaScript warning: https://cdn.glassboxcdn.com/expedia/detector-dom.min.js, line 64: asm.js type error: cannot create array view without an asm.js heap parameter
JavaScript warning: https://cdn.glassboxcdn.com/expedia/detector-dom.min.js, line 64: asm.js type error: cannot create array view without an asm.js heap parameter
]]></system-err>
  </testcase>
  <testcase name="bookHotelTest" classname="com.cheaptickets.testcases.BookHotelTest" time="17.329"/>
  <testcase name="signinTest" classname="com.cheaptickets.testcases.SignInTest" time="16.443"/>
  <testcase name="signinTest" classname="com.cheaptickets.testcases.SignInTest" time="0">
    <skipped message="Skipped the test as the runmode is set to No"/>
    <system-err><![CDATA[1612544769466	Marionette	INFO	Stopped listening on port 34038

###!!! [Child][RunMessage] Error: Channel closing: too late to send/recv, messages will be lost

]]></system-err>
  </testcase>
</testsuite>